2023-07-13 02:48:32 | ERROR [main] (Main.java:125) - A critical error occurred: cannot initialize server settings.
com.fasterxml.jackson.databind.JsonMappingException: Unexpected close tag </allowed-origins>; expected </web-server>.
 at [row,col {unknown-source}]: [3,40]
 at [Source: (sun.nio.ch.ChannelInputStream); line: 3, column: 24] (through reference chain: pt.ua.dicoogle.core.settings.ServerSettingsImpl["web-server"])
	at com.fasterxml.jackson.databind.JsonMappingException.wrapWithPath(JsonMappingException.java:394) ~[dicoogle.jar:3.1.0]
	at com.fasterxml.jackson.databind.JsonMappingException.wrapWithPath(JsonMappingException.java:353) ~[dicoogle.jar:3.1.0]
	at com.fasterxml.jackson.databind.deser.BeanDeserializerBase.wrapAndThrow(BeanDeserializerBase.java:1711) ~[dicoogle.jar:3.1.0]
	at com.fasterxml.jackson.databind.deser.BeanDeserializer.vanillaDeserialize(BeanDeserializer.java:290) ~[dicoogle.jar:3.1.0]
	at com.fasterxml.jackson.databind.deser.BeanDeserializer.deserialize(BeanDeserializer.java:151) ~[dicoogle.jar:3.1.0]
	at com.fasterxml.jackson.databind.ObjectMapper._readMapAndClose(ObjectMapper.java:4014) ~[dicoogle.jar:3.1.0]
	at com.fasterxml.jackson.databind.ObjectMapper.readValue(ObjectMapper.java:3071) ~[dicoogle.jar:3.1.0]
	at pt.ua.dicoogle.core.settings.ServerSettingsManager.loadSettingsAt(ServerSettingsManager.java:143) ~[dicoogle.jar:3.1.0]
	at pt.ua.dicoogle.core.settings.ServerSettingsManager.init(ServerSettingsManager.java:100) ~[dicoogle.jar:3.1.0]
	at pt.ua.dicoogle.Main.LaunchDicoogle(Main.java:123) [dicoogle.jar:3.1.0]
	at pt.ua.dicoogle.Main.main(Main.java:76) [dicoogle.jar:3.1.0]
Caused by: com.fasterxml.jackson.core.JsonParseException: Unexpected close tag </allowed-origins>; expected </web-server>.
 at [row,col {unknown-source}]: [3,40]
 at [Source: (sun.nio.ch.ChannelInputStream); line: 3, column: 41]
	at com.fasterxml.jackson.dataformat.xml.util.StaxUtil.throwAsParseException(StaxUtil.java:37) ~[dicoogle.jar:3.1.0]
	at com.fasterxml.jackson.dataformat.xml.deser.FromXmlParser.nextToken(FromXmlParser.java:502) ~[dicoogle.jar:3.1.0]
	at com.fasterxml.jackson.core.JsonParser.nextFieldName(JsonParser.java:825) ~[dicoogle.jar:3.1.0]
	at com.fasterxml.jackson.databind.deser.BeanDeserializer.vanillaDeserialize(BeanDeserializer.java:295) ~[dicoogle.jar:3.1.0]
	at com.fasterxml.jackson.databind.deser.BeanDeserializer.deserialize(BeanDeserializer.java:151) ~[dicoogle.jar:3.1.0]
	at com.fasterxml.jackson.databind.deser.impl.FieldProperty.deserializeAndSet(FieldProperty.java:138) ~[dicoogle.jar:3.1.0]
	at com.fasterxml.jackson.databind.deser.BeanDeserializer.vanillaDeserialize(BeanDeserializer.java:288) ~[dicoogle.jar:3.1.0]
	... 7 more
Caused by: com.ctc.wstx.exc.WstxParsingException: Unexpected close tag </allowed-origins>; expected </web-server>.
 at [row,col {unknown-source}]: [3,40]
	at com.ctc.wstx.sr.StreamScanner.constructWfcException(StreamScanner.java:621) ~[dicoogle.jar:3.1.0]
	at com.ctc.wstx.sr.StreamScanner.throwParseError(StreamScanner.java:491) ~[dicoogle.jar:3.1.0]
	at com.ctc.wstx.sr.StreamScanner.throwParseError(StreamScanner.java:475) ~[dicoogle.jar:3.1.0]
	at com.ctc.wstx.sr.BasicStreamReader.reportWrongEndElem(BasicStreamReader.java:3365) ~[dicoogle.jar:3.1.0]
	at com.ctc.wstx.sr.BasicStreamReader.readEndElem(BasicStreamReader.java:3292) ~[dicoogle.jar:3.1.0]
	at com.ctc.wstx.sr.BasicStreamReader.nextFromTree(BasicStreamReader.java:2911) ~[dicoogle.jar:3.1.0]
	at com.ctc.wstx.sr.BasicStreamReader.next(BasicStreamReader.java:1123) ~[dicoogle.jar:3.1.0]
	at com.fasterxml.jackson.dataformat.xml.deser.XmlTokenStream._skipUntilTag(XmlTokenStream.java:410) ~[dicoogle.jar:3.1.0]
	at com.fasterxml.jackson.dataformat.xml.deser.XmlTokenStream._next(XmlTokenStream.java:359) ~[dicoogle.jar:3.1.0]
	at com.fasterxml.jackson.dataformat.xml.deser.XmlTokenStream.next(XmlTokenStream.java:183) ~[dicoogle.jar:3.1.0]
	at com.fasterxml.jackson.dataformat.xml.deser.FromXmlParser.nextToken(FromXmlParser.java:500) ~[dicoogle.jar:3.1.0]
	at com.fasterxml.jackson.core.JsonParser.nextFieldName(JsonParser.java:825) ~[dicoogle.jar:3.1.0]
	at com.fasterxml.jackson.databind.deser.BeanDeserializer.vanillaDeserialize(BeanDeserializer.java:295) ~[dicoogle.jar:3.1.0]
	at com.fasterxml.jackson.databind.deser.BeanDeserializer.deserialize(BeanDeserializer.java:151) ~[dicoogle.jar:3.1.0]
	at com.fasterxml.jackson.databind.deser.impl.FieldProperty.deserializeAndSet(FieldProperty.java:138) ~[dicoogle.jar:3.1.0]
	at com.fasterxml.jackson.databind.deser.BeanDeserializer.vanillaDeserialize(BeanDeserializer.java:288) ~[dicoogle.jar:3.1.0]
	... 7 more
