2016-06-08 15:16:12 | ERROR [main] (RolesXML.java:137) - roles.xml (No such file or directory)
java.io.FileNotFoundException: roles.xml (No such file or directory)
	at java.io.FileInputStream.open0(Native Method) ~[?:1.8.0_92]
	at java.io.FileInputStream.open(FileInputStream.java:195) ~[?:1.8.0_92]
	at java.io.FileInputStream.<init>(FileInputStream.java:138) ~[?:1.8.0_92]
	at java.io.FileInputStream.<init>(FileInputStream.java:93) ~[?:1.8.0_92]
	at pt.ua.dicoogle.server.users.RolesXML.getXML(RolesXML.java:108) [classes/:?]
	at pt.ua.dicoogle.server.web.auth.Authentication.<init>(Authentication.java:43) [classes/:?]
	at pt.ua.dicoogle.server.web.auth.Authentication.getInstance(Authentication.java:60) [classes/:?]
	at pt.ua.dicoogle.core.auth.TestUsers.testUsers(TestUsers.java:75) [test-classes/:?]
	at sun.reflect.NativeMethodAccessorImpl.invoke0(Native Method) ~[?:1.8.0_92]
	at sun.reflect.NativeMethodAccessorImpl.invoke(NativeMethodAccessorImpl.java:62) ~[?:1.8.0_92]
	at sun.reflect.DelegatingMethodAccessorImpl.invoke(DelegatingMethodAccessorImpl.java:43) ~[?:1.8.0_92]
	at java.lang.reflect.Method.invoke(Method.java:498) ~[?:1.8.0_92]
	at org.junit.runners.model.FrameworkMethod$1.runReflectiveCall(FrameworkMethod.java:44) [junit-4.8.1.jar:?]
	at org.junit.internal.runners.model.ReflectiveCallable.run(ReflectiveCallable.java:15) [junit-4.8.1.jar:?]
	at org.junit.runners.model.FrameworkMethod.invokeExplosively(FrameworkMethod.java:41) [junit-4.8.1.jar:?]
	at org.junit.internal.runners.statements.InvokeMethod.evaluate(InvokeMethod.java:20) [junit-4.8.1.jar:?]
	at org.junit.internal.runners.statements.RunBefores.evaluate(RunBefores.java:28) [junit-4.8.1.jar:?]
	at org.junit.internal.runners.statements.RunAfters.evaluate(RunAfters.java:31) [junit-4.8.1.jar:?]
	at org.junit.runners.BlockJUnit4ClassRunner.runChild(BlockJUnit4ClassRunner.java:76) [junit-4.8.1.jar:?]
	at org.junit.runners.BlockJUnit4ClassRunner.runChild(BlockJUnit4ClassRunner.java:50) [junit-4.8.1.jar:?]
	at org.junit.runners.ParentRunner$3.run(ParentRunner.java:193) [junit-4.8.1.jar:?]
	at org.junit.runners.ParentRunner$1.schedule(ParentRunner.java:52) [junit-4.8.1.jar:?]
	at org.junit.runners.ParentRunner.runChildren(ParentRunner.java:191) [junit-4.8.1.jar:?]
	at org.junit.runners.ParentRunner.access$000(ParentRunner.java:42) [junit-4.8.1.jar:?]
	at org.junit.runners.ParentRunner$2.evaluate(ParentRunner.java:184) [junit-4.8.1.jar:?]
	at org.junit.internal.runners.statements.RunBefores.evaluate(RunBefores.java:28) [junit-4.8.1.jar:?]
	at org.junit.internal.runners.statements.RunAfters.evaluate(RunAfters.java:31) [junit-4.8.1.jar:?]
	at org.junit.runners.ParentRunner.run(ParentRunner.java:236) [junit-4.8.1.jar:?]
	at org.apache.maven.surefire.junit4.JUnit4Provider.execute(JUnit4Provider.java:252) [surefire-junit4-2.12.4.jar:2.12.4]
	at org.apache.maven.surefire.junit4.JUnit4Provider.executeTestSet(JUnit4Provider.java:141) [surefire-junit4-2.12.4.jar:2.12.4]
	at org.apache.maven.surefire.junit4.JUnit4Provider.invoke(JUnit4Provider.java:112) [surefire-junit4-2.12.4.jar:2.12.4]
	at sun.reflect.NativeMethodAccessorImpl.invoke0(Native Method) ~[?:1.8.0_92]
	at sun.reflect.NativeMethodAccessorImpl.invoke(NativeMethodAccessorImpl.java:62) ~[?:1.8.0_92]
	at sun.reflect.DelegatingMethodAccessorImpl.invoke(DelegatingMethodAccessorImpl.java:43) ~[?:1.8.0_92]
	at java.lang.reflect.Method.invoke(Method.java:498) ~[?:1.8.0_92]
	at org.apache.maven.surefire.util.ReflectionUtils.invokeMethodWithArray(ReflectionUtils.java:189) [surefire-api-2.12.4.jar:2.12.4]
	at org.apache.maven.surefire.booter.ProviderFactory$ProviderProxy.invoke(ProviderFactory.java:165) [surefire-booter-2.12.4.jar:2.12.4]
	at org.apache.maven.surefire.booter.ProviderFactory.invokeProvider(ProviderFactory.java:85) [surefire-booter-2.12.4.jar:2.12.4]
	at org.apache.maven.surefire.booter.ForkedBooter.runSuitesInProcess(ForkedBooter.java:115) [surefire-booter-2.12.4.jar:2.12.4]
	at org.apache.maven.surefire.booter.ForkedBooter.main(ForkedBooter.java:75) [surefire-booter-2.12.4.jar:2.12.4]
